[2019-03-21T16:38:11,855][WARN ][logstash.config.source.multilocal] Ignoring the 'pipelines.yml' file because modules or command line options are specified
[2019-03-21T16:38:11,944][INFO ][logstash.runner          ] Starting Logstash {"logstash.version"=>"6.6.2"}
[2019-03-21T16:38:17,771][INFO ][logstash.monitoring.internalpipelinesource] Monitoring License OK
[2019-03-21T16:38:17,778][INFO ][logstash.monitoring.internalpipelinesource] Validated license for monitoring. Enabling monitoring pipeline.
[2019-03-21T16:38:33,205][WARN ][logstash.outputs.elasticsearch] You are using a deprecated config setting "document_type" set in elasticsearch. Deprecated settings will continue to work, but are scheduled for removal from logstash in the future. Document types are being deprecated in Elasticsearch 6.0, and removed entirely in 7.0. You should avoid this feature If you have any questions about this, please visit the #logstash channel on freenode irc. {:name=>"document_type", :plugin=><LogStash::Outputs::ElasticSearch index=>"blogs", id=>"2cc0428defbcfc40be60fc81956fc638f200426b40e5998ada96335d9ebf7567", hosts=>[http://localhost:9200], document_type=>"_doc", enable_metric=>true, codec=><LogStash::Codecs::Plain id=>"plain_f3d88a6a-c473-49c8-8df9-312c6a04d954", enable_metric=>true, charset=>"UTF-8">, workers=>1, manage_template=>true, template_name=>"logstash", template_overwrite=>false, doc_as_upsert=>false, script_type=>"inline", script_lang=>"painless", script_var_name=>"event", scripted_upsert=>false, retry_initial_interval=>2, retry_max_interval=>64, retry_on_conflict=>1, ilm_enabled=>false, ilm_rollover_alias=>"logstash", ilm_pattern=>"{now/d}-000001", ilm_policy=>"logstash-policy", action=>"index", ssl_certificate_verification=>true, sniffing=>false, sniffing_delay=>5, timeout=>60, pool_max=>1000, pool_max_per_route=>100, resurrect_delay=>5, validate_after_inactivity=>10000, http_compression=>false>}
[2019-03-21T16:38:33,359][INFO ][logstash.pipeline        ] Starting pipeline {:pipeline_id=>"main", "pipeline.workers"=>4, "pipeline.batch.size"=>125, "pipeline.batch.delay"=>50}
[2019-03-21T16:38:33,584][INFO ][logstash.outputs.elasticsearch] Elasticsearch pool URLs updated {:changes=>{:removed=>[], :added=>[http://localhost:9200/]}}
[2019-03-21T16:38:33,708][WARN ][logstash.outputs.elasticsearch] Restored connection to ES instance {:url=>"http://localhost:9200/"}
[2019-03-21T16:38:33,718][INFO ][logstash.outputs.elasticsearch] ES Output version determined {:es_version=>6}
[2019-03-21T16:38:33,719][WARN ][logstash.outputs.elasticsearch] Detected a 6.x and above cluster: the `type` event field won't be used to determine the document _type {:es_version=>6}
[2019-03-21T16:38:33,762][INFO ][logstash.outputs.elasticsearch] New Elasticsearch output {:class=>"LogStash::Outputs::ElasticSearch", :hosts=>["http://localhost:9200"]}
[2019-03-21T16:38:33,783][INFO ][logstash.outputs.elasticsearch] Using mapping template from {:path=>nil}
[2019-03-21T16:38:33,911][INFO ][logstash.outputs.elasticsearch] Attempting to install template {:manage_template=>{"template"=>"logstash-*", "version"=>60001, "settings"=>{"index.refresh_interval"=>"5s"}, "mappings"=>{"_default_"=>{"dynamic_templates"=>[{"message_field"=>{"path_match"=>"message", "match_mapping_type"=>"string", "mapping"=>{"type"=>"text", "norms"=>false}}}, {"string_fields"=>{"match"=>"*", "match_mapping_type"=>"string", "mapping"=>{"type"=>"text", "norms"=>false, "fields"=>{"keyword"=>{"type"=>"keyword", "ignore_above"=>256}}}}}], "properties"=>{"@timestamp"=>{"type"=>"date"}, "@version"=>{"type"=>"keyword"}, "geoip"=>{"dynamic"=>true, "properties"=>{"ip"=>{"type"=>"ip"}, "location"=>{"type"=>"geo_point"}, "latitude"=>{"type"=>"half_float"}, "longitude"=>{"type"=>"half_float"}}}}}}}}
[2019-03-21T16:38:34,014][INFO ][logstash.outputs.elasticsearch] Installing elasticsearch template to _template/logstash
[2019-03-21T16:38:35,216][INFO ][logstash.inputs.file     ] No sincedb_path set, generating one based on the "path" setting {:sincedb_path=>"C:/ELK/bin/logstash-6.6.2/data/plugins/inputs/file/.sincedb_beeae5363aadee9a8853f3524a43a71a", :path=>["C:/ELK/raw_data/blogs.csv"]}
[2019-03-21T16:38:35,293][INFO ][logstash.pipeline        ] Pipeline started successfully {:pipeline_id=>"main", :thread=>"#<Thread:0x3bd06ddc run>"}
[2019-03-21T16:38:35,400][INFO ][logstash.agent           ] Pipelines running {:count=>1, :running_pipelines=>[:main], :non_running_pipelines=>[]}
[2019-03-21T16:38:35,499][INFO ][filewatch.observingtail  ] START, creating Discoverer, Watch with file and sincedb collections
[2019-03-21T16:38:36,831][WARN ][logstash.outputs.elasticsearch] You are using a deprecated config setting "document_type" set in elasticsearch. Deprecated settings will continue to work, but are scheduled for removal from logstash in the future. Document types are being deprecated in Elasticsearch 6.0, and removed entirely in 7.0. You should avoid this feature If you have any questions about this, please visit the #logstash channel on freenode irc. {:name=>"document_type", :plugin=><LogStash::Outputs::ElasticSearch bulk_path=>"/_xpack/monitoring/_bulk?system_id=logstash&system_api_version=2&interval=1s", hosts=>[http://localhost:9200], sniffing=>false, manage_template=>false, id=>"2196aa69258f6adaaf9506d8988cc76ab153e658434074dcf2e424e0aca0d381", document_type=>"%{[@metadata][document_type]}", enable_metric=>true, codec=><LogStash::Codecs::Plain id=>"plain_2db329ce-ff5d-43dc-86d2-bfc884d79ae2", enable_metric=>true, charset=>"UTF-8">, workers=>1, template_name=>"logstash", template_overwrite=>false, doc_as_upsert=>false, script_type=>"inline", script_lang=>"painless", script_var_name=>"event", scripted_upsert=>false, retry_initial_interval=>2, retry_max_interval=>64, retry_on_conflict=>1, ilm_enabled=>false, ilm_rollover_alias=>"logstash", ilm_pattern=>"{now/d}-000001", ilm_policy=>"logstash-policy", action=>"index", ssl_certificate_verification=>true, sniffing_delay=>5, timeout=>60, pool_max=>1000, pool_max_per_route=>100, resurrect_delay=>5, validate_after_inactivity=>10000, http_compression=>false>}
[2019-03-21T16:38:36,853][INFO ][logstash.pipeline        ] Starting pipeline {:pipeline_id=>".monitoring-logstash", "pipeline.workers"=>1, "pipeline.batch.size"=>2, "pipeline.batch.delay"=>50}
[2019-03-21T16:38:36,912][INFO ][logstash.outputs.elasticsearch] Elasticsearch pool URLs updated {:changes=>{:removed=>[], :added=>[http://localhost:9200/]}}
[2019-03-21T16:38:37,014][WARN ][logstash.outputs.elasticsearch] Restored connection to ES instance {:url=>"http://localhost:9200/"}
[2019-03-21T16:38:37,024][INFO ][logstash.outputs.elasticsearch] ES Output version determined {:es_version=>6}
[2019-03-21T16:38:37,026][WARN ][logstash.outputs.elasticsearch] Detected a 6.x and above cluster: the `type` event field won't be used to determine the document _type {:es_version=>6}
[2019-03-21T16:38:37,070][INFO ][logstash.outputs.elasticsearch] New Elasticsearch output {:class=>"LogStash::Outputs::ElasticSearch", :hosts=>["http://localhost:9200"]}
[2019-03-21T16:38:37,229][INFO ][logstash.pipeline        ] Pipeline started successfully {:pipeline_id=>".monitoring-logstash", :thread=>"#<Thread:0x209f6bb5 run>"}
[2019-03-21T16:38:37,303][INFO ][logstash.agent           ] Pipelines running {:count=>2, :running_pipelines=>[:main, :".monitoring-logstash"], :non_running_pipelines=>[]}
[2019-03-21T16:38:40,377][INFO ][logstash.agent           ] Successfully started Logstash API endpoint {:port=>9600}
